-------------------------------------------------------------------------------
Test set: com.example.TesiIntegrazioneProgettoEsterno.Test_myXPathHookRelativeTemplateFromParentRegex
-------------------------------------------------------------------------------
Tests run: 1, Failures: 1, Errors: 0, Skipped: 0, Time elapsed: 11.955 s <<< FAILURE! - in com.example.TesiIntegrazioneProgettoEsterno.Test_myXPathHookRelativeTemplateFromParentRegex
test_loc_myXPathHookRelativeTemplateFromParentRegex_release_1_1(com.example.TesiIntegrazioneProgettoEsterno.Test_myXPathHookRelativeTemplateFromParentRegex)  Time elapsed: 11.923 s  <<< FAILURE!
org.junit.ComparisonFailure: expected:<[Marco]> but was:<[]>
	at com.example.TesiIntegrazioneProgettoEsterno.Test_myXPathHookRelativeTemplateFromParentRegex.test_loc_myXPathHookRelativeTemplateFromParentRegex_release_1_1(Test_myXPathHookRelativeTemplateFromParentRegex.java:53)

